C51 COMPILER V9.56.0.0   UART                                                              02/28/2021 15:17:21 PAGE 1   


C51 COMPILER V9.56.0.0, COMPILATION OF MODULE UART
OBJECT MODULE PLACED IN .\Objects\uart.obj
COMPILER INVOKED BY: C:\Keil_v5\C51\BIN\C51.EXE uart.c COMPACT OPTIMIZE(8,SPEED) BROWSE DEBUG OBJECTEXTEND PRINT(.\Listi
                    -ngs\uart.lst) TABS(2) OBJECT(.\Objects\uart.obj)

line level    source

   1          #include "uart.h"
   2          #include "reg52.h"
   3          ///////////////////////////////////////////////////
   4          //功能：初始化串口中断
   5          //////////////////////////////////////////////////
   6          void initUart()
   7          {
   8   1        SCON=0X50;      //设置串口工作模式---设置为工作方式1
   9   1        TMOD=0X20;      //设置时钟中断1的工作模式---工作方式二，8位自动重装计时器
  10   1        PCON=0X00;      //波特率不加倍
  11   1        TH1=0XFA;       //计数器初始值设置，注意波特率是4800的
  12   1        REN = 1;
  13   1        ES=1;           //打开接收中断
  14   1        EA=1;           //打开总中断
  15   1        TR1=1;         //启动时钟中断1---TR（TCON）
  16   1      }


MODULE INFORMATION:   STATIC OVERLAYABLE
   CODE SIZE        =     21    ----
   CONSTANT SIZE    =   ----    ----
   XDATA SIZE       =   ----    ----
   PDATA SIZE       =   ----    ----
   DATA SIZE        =   ----    ----
   IDATA SIZE       =   ----    ----
   BIT SIZE         =   ----    ----
END OF MODULE INFORMATION.


C51 COMPILATION COMPLETE.  0 WARNING(S),  0 ERROR(S)
